


ARM Macro Assembler    Page 1 


    1 00000000         ; Copyright (c) 2015, Nordic Semiconductor ASA
    2 00000000         ; All rights reserved.
    3 00000000         ; 
    4 00000000         ; Redistribution and use in source and binary forms, wit
                       h or without
    5 00000000         ; modification, are permitted provided that the followin
                       g conditions are met:
    6 00000000         ; 
    7 00000000         ; * Redistributions of source code must retain the above
                        copyright notice, this
    8 00000000         ;   list of conditions and the following disclaimer.
    9 00000000         ; 
   10 00000000         ; * Redistributions in binary form must reproduce the ab
                       ove copyright notice,
   11 00000000         ;   this list of conditions and the following disclaimer
                        in the documentation
   12 00000000         ;   and/or other materials provided with the distributio
                       n.
   13 00000000         ; 
   14 00000000         ; * Neither the name of Nordic Semiconductor ASA nor the
                        names of its
   15 00000000         ;   contributors may be used to endorse or promote produ
                       cts derived from
   16 00000000         ;   this software without specific prior written permiss
                       ion.
   17 00000000         ; 
   18 00000000         ; THIS SOFTWARE IS PROVIDED BY THE COPYRIGHT HOLDERS AND
                        CONTRIBUTORS "AS IS"
   19 00000000         ; AND ANY EXPRESS OR IMPLIED WARRANTIES, INCLUDING, BUT 
                       NOT LIMITED TO, THE
   20 00000000         ; IMPLIED WARRANTIES OF MERCHANTABILITY AND FITNESS FOR 
                       A PARTICULAR PURPOSE ARE
   21 00000000         ; DISCLAIMED. IN NO EVENT SHALL THE COPYRIGHT HOLDER OR 
                       CONTRIBUTORS BE LIABLE
   22 00000000         ; FOR ANY DIRECT, INDIRECT, INCIDENTAL, SPECIAL, EXEMPLA
                       RY, OR CONSEQUENTIAL
   23 00000000         ; DAMAGES (INCLUDING, BUT NOT LIMITED TO, PROCUREMENT OF
                        SUBSTITUTE GOODS OR
   24 00000000         ; SERVICES; LOSS OF USE, DATA, OR PROFITS; OR BUSINESS I
                       NTERRUPTION) HOWEVER
   25 00000000         ; CAUSED AND ON ANY THEORY OF LIABILITY, WHETHER IN CONT
                       RACT, STRICT LIABILITY,
   26 00000000         ; OR TORT (INCLUDING NEGLIGENCE OR OTHERWISE) ARISING IN
                        ANY WAY OUT OF THE USE
   27 00000000         ; OF THIS SOFTWARE, EVEN IF ADVISED OF THE POSSIBILITY O
                       F SUCH DAMAGE.
   28 00000000         
   29 00000000         ; NOTE: Template files (including this one) are applicat
                       ion specific and therefore 
   30 00000000         ; expected to be copied into the application project fol
                       der prior to its use!
   31 00000000         
   32 00000000         ; Description message
   33 00000000         
   34 00000000                 IF               :DEF: __STACK_SIZE
   37 00000000 00002000 
                       Stack_Size
                               EQU              8192
   38 00000000                 ENDIF



ARM Macro Assembler    Page 2 


   39 00000000         
   40 00000000                 AREA             STACK, NOINIT, READWRITE, ALIGN
=3
   41 00000000         Stack_Mem
                               SPACE            Stack_Size
   42 00002000         __initial_sp
   43 00002000         
   44 00002000                 IF               :DEF: __HEAP_SIZE
   47 00002000 00002000 
                       Heap_Size
                               EQU              8192
   48 00002000                 ENDIF
   49 00002000         
   50 00002000                 AREA             HEAP, NOINIT, READWRITE, ALIGN=
3
   51 00000000         __heap_base
   52 00000000         Heap_Mem
                               SPACE            Heap_Size
   53 00002000         __heap_limit
   54 00002000         
   55 00002000                 PRESERVE8
   56 00002000                 THUMB
   57 00002000         
   58 00002000         ; Vector Table Mapped to Address 0 at Reset
   59 00002000         
   60 00002000                 AREA             RESET, DATA, READONLY
   61 00000000                 EXPORT           __Vectors
   62 00000000                 EXPORT           __Vectors_End
   63 00000000                 EXPORT           __Vectors_Size
   64 00000000         
   65 00000000 00000000 
                       __Vectors
                               DCD              __initial_sp ; Top of Stack
   66 00000004 00000000        DCD              Reset_Handler
   67 00000008 00000000        DCD              NMI_Handler
   68 0000000C 00000000        DCD              HardFault_Handler
   69 00000010 00000000        DCD              MemoryManagement_Handler
   70 00000014 00000000        DCD              BusFault_Handler
   71 00000018 00000000        DCD              UsageFault_Handler
   72 0000001C 00000000        DCD              0           ; Reserved
   73 00000020 00000000        DCD              0           ; Reserved
   74 00000024 00000000        DCD              0           ; Reserved
   75 00000028 00000000        DCD              0           ; Reserved
   76 0000002C 00000000        DCD              SVC_Handler
   77 00000030 00000000        DCD              0           ; Reserved
   78 00000034 00000000        DCD              0           ; Reserved
   79 00000038 00000000        DCD              PendSV_Handler
   80 0000003C 00000000        DCD              SysTick_Handler
   81 00000040         
   82 00000040         ; External Interrupts
   83 00000040 00000000        DCD              POWER_CLOCK_IRQHandler
   84 00000044 00000000        DCD              RADIO_IRQHandler
   85 00000048 00000000        DCD              UARTE0_UART0_IRQHandler
   86 0000004C 00000000        DCD              SPIM0_SPIS0_TWIM0_TWIS0_SPI0_TW
I0_IRQHandler
   87 00000050 00000000        DCD              SPIM1_SPIS1_TWIM1_TWIS1_SPI1_TW
I1_IRQHandler
   88 00000054 00000000        DCD              NFCT_IRQHandler
   89 00000058 00000000        DCD              GPIOTE_IRQHandler



ARM Macro Assembler    Page 3 


   90 0000005C 00000000        DCD              SAADC_IRQHandler
   91 00000060 00000000        DCD              TIMER0_IRQHandler
   92 00000064 00000000        DCD              TIMER1_IRQHandler
   93 00000068 00000000        DCD              TIMER2_IRQHandler
   94 0000006C 00000000        DCD              RTC0_IRQHandler
   95 00000070 00000000        DCD              TEMP_IRQHandler
   96 00000074 00000000        DCD              RNG_IRQHandler
   97 00000078 00000000        DCD              ECB_IRQHandler
   98 0000007C 00000000        DCD              CCM_AAR_IRQHandler
   99 00000080 00000000        DCD              WDT_IRQHandler
  100 00000084 00000000        DCD              RTC1_IRQHandler
  101 00000088 00000000        DCD              QDEC_IRQHandler
  102 0000008C 00000000        DCD              COMP_LPCOMP_IRQHandler
  103 00000090 00000000        DCD              SWI0_EGU0_IRQHandler
  104 00000094 00000000        DCD              SWI1_EGU1_IRQHandler
  105 00000098 00000000        DCD              SWI2_EGU2_IRQHandler
  106 0000009C 00000000        DCD              SWI3_EGU3_IRQHandler
  107 000000A0 00000000        DCD              SWI4_EGU4_IRQHandler
  108 000000A4 00000000        DCD              SWI5_EGU5_IRQHandler
  109 000000A8 00000000        DCD              TIMER3_IRQHandler
  110 000000AC 00000000        DCD              TIMER4_IRQHandler
  111 000000B0 00000000        DCD              PWM0_IRQHandler
  112 000000B4 00000000        DCD              PDM_IRQHandler
  113 000000B8 00000000        DCD              0           ; Reserved
  114 000000BC 00000000        DCD              0           ; Reserved
  115 000000C0 00000000        DCD              MWU_IRQHandler
  116 000000C4 00000000        DCD              PWM1_IRQHandler
  117 000000C8 00000000        DCD              PWM2_IRQHandler
  118 000000CC 00000000        DCD              SPIM2_SPIS2_SPI2_IRQHandler
  119 000000D0 00000000        DCD              RTC2_IRQHandler
  120 000000D4 00000000        DCD              I2S_IRQHandler
  121 000000D8 00000000        DCD              0           ; Reserved
  122 000000DC 00000000        DCD              0           ; Reserved
  123 000000E0 00000000        DCD              0           ; Reserved
  124 000000E4 00000000        DCD              0           ; Reserved
  125 000000E8 00000000        DCD              0           ; Reserved
  126 000000EC 00000000        DCD              0           ; Reserved
  127 000000F0 00000000        DCD              0           ; Reserved
  128 000000F4 00000000        DCD              0           ; Reserved
  129 000000F8 00000000        DCD              0           ; Reserved
  130 000000FC 00000000        DCD              0           ; Reserved
  131 00000100 00000000        DCD              0           ; Reserved
  132 00000104 00000000        DCD              0           ; Reserved
  133 00000108 00000000        DCD              0           ; Reserved
  134 0000010C 00000000        DCD              0           ; Reserved
  135 00000110 00000000        DCD              0           ; Reserved
  136 00000114 00000000        DCD              0           ; Reserved
  137 00000118 00000000        DCD              0           ; Reserved
  138 0000011C 00000000        DCD              0           ; Reserved
  139 00000120 00000000        DCD              0           ; Reserved
  140 00000124 00000000        DCD              0           ; Reserved
  141 00000128 00000000        DCD              0           ; Reserved
  142 0000012C 00000000        DCD              0           ; Reserved
  143 00000130 00000000        DCD              0           ; Reserved
  144 00000134 00000000        DCD              0           ; Reserved
  145 00000138 00000000        DCD              0           ; Reserved
  146 0000013C 00000000        DCD              0           ; Reserved
  147 00000140 00000000        DCD              0           ; Reserved
  148 00000144 00000000        DCD              0           ; Reserved



ARM Macro Assembler    Page 4 


  149 00000148 00000000        DCD              0           ; Reserved
  150 0000014C 00000000        DCD              0           ; Reserved
  151 00000150 00000000        DCD              0           ; Reserved
  152 00000154 00000000        DCD              0           ; Reserved
  153 00000158 00000000        DCD              0           ; Reserved
  154 0000015C 00000000        DCD              0           ; Reserved
  155 00000160 00000000        DCD              0           ; Reserved
  156 00000164 00000000        DCD              0           ; Reserved
  157 00000168 00000000        DCD              0           ; Reserved
  158 0000016C 00000000        DCD              0           ; Reserved
  159 00000170 00000000        DCD              0           ; Reserved
  160 00000174 00000000        DCD              0           ; Reserved
  161 00000178 00000000        DCD              0           ; Reserved
  162 0000017C 00000000        DCD              0           ; Reserved
  163 00000180 00000000        DCD              0           ; Reserved
  164 00000184 00000000        DCD              0           ; Reserved
  165 00000188 00000000        DCD              0           ; Reserved
  166 0000018C 00000000        DCD              0           ; Reserved
  167 00000190 00000000        DCD              0           ; Reserved
  168 00000194 00000000        DCD              0           ; Reserved
  169 00000198 00000000        DCD              0           ; Reserved
  170 0000019C 00000000        DCD              0           ; Reserved
  171 000001A0 00000000        DCD              0           ; Reserved
  172 000001A4 00000000        DCD              0           ; Reserved
  173 000001A8 00000000        DCD              0           ; Reserved
  174 000001AC 00000000        DCD              0           ; Reserved
  175 000001B0 00000000        DCD              0           ; Reserved
  176 000001B4 00000000        DCD              0           ; Reserved
  177 000001B8 00000000        DCD              0           ; Reserved
  178 000001BC 00000000        DCD              0           ; Reserved
  179 000001C0 00000000        DCD              0           ; Reserved
  180 000001C4 00000000        DCD              0           ; Reserved
  181 000001C8 00000000        DCD              0           ; Reserved
  182 000001CC 00000000        DCD              0           ; Reserved
  183 000001D0 00000000        DCD              0           ; Reserved
  184 000001D4 00000000        DCD              0           ; Reserved
  185 000001D8 00000000        DCD              0           ; Reserved
  186 000001DC 00000000        DCD              0           ; Reserved
  187 000001E0 00000000        DCD              0           ; Reserved
  188 000001E4 00000000        DCD              0           ; Reserved
  189 000001E8 00000000        DCD              0           ; Reserved
  190 000001EC 00000000        DCD              0           ; Reserved
  191 000001F0 00000000        DCD              0           ; Reserved
  192 000001F4 00000000        DCD              0           ; Reserved
  193 000001F8 00000000        DCD              0           ; Reserved
  194 000001FC 00000000        DCD              0           ; Reserved
  195 00000200 00000000        DCD              0           ; Reserved
  196 00000204 00000000        DCD              0           ; Reserved
  197 00000208 00000000        DCD              0           ; Reserved
  198 0000020C 00000000        DCD              0           ; Reserved
  199 00000210 00000000        DCD              0           ; Reserved
  200 00000214 00000000        DCD              0           ; Reserved
  201 00000218 00000000        DCD              0           ; Reserved
  202 0000021C 00000000        DCD              0           ; Reserved
  203 00000220 00000000        DCD              0           ; Reserved
  204 00000224 00000000        DCD              0           ; Reserved
  205 00000228 00000000        DCD              0           ; Reserved
  206 0000022C 00000000        DCD              0           ; Reserved
  207 00000230 00000000        DCD              0           ; Reserved



ARM Macro Assembler    Page 5 


  208 00000234 00000000        DCD              0           ; Reserved
  209 00000238 00000000        DCD              0           ; Reserved
  210 0000023C 00000000        DCD              0           ; Reserved
  211 00000240 00000000        DCD              0           ; Reserved
  212 00000244 00000000        DCD              0           ; Reserved
  213 00000248 00000000        DCD              0           ; Reserved
  214 0000024C 00000000        DCD              0           ; Reserved
  215 00000250 00000000        DCD              0           ; Reserved
  216 00000254 00000000        DCD              0           ; Reserved
  217 00000258 00000000        DCD              0           ; Reserved
  218 0000025C 00000000        DCD              0           ; Reserved
  219 00000260 00000000        DCD              0           ; Reserved
  220 00000264 00000000        DCD              0           ; Reserved
  221 00000268 00000000        DCD              0           ; Reserved
  222 0000026C 00000000        DCD              0           ; Reserved
  223 00000270 00000000        DCD              0           ; Reserved
  224 00000274 00000000        DCD              0           ; Reserved
  225 00000278 00000000        DCD              0           ; Reserved
  226 0000027C 00000000        DCD              0           ; Reserved
  227 00000280 00000000        DCD              0           ; Reserved
  228 00000284 00000000        DCD              0           ; Reserved
  229 00000288 00000000        DCD              0           ; Reserved
  230 0000028C 00000000        DCD              0           ; Reserved
  231 00000290 00000000        DCD              0           ; Reserved
  232 00000294 00000000        DCD              0           ; Reserved
  233 00000298 00000000        DCD              0           ; Reserved
  234 0000029C 00000000        DCD              0           ; Reserved
  235 000002A0 00000000        DCD              0           ; Reserved
  236 000002A4 00000000        DCD              0           ; Reserved
  237 000002A8 00000000        DCD              0           ; Reserved
  238 000002AC 00000000        DCD              0           ; Reserved
  239 000002B0 00000000        DCD              0           ; Reserved
  240 000002B4 00000000        DCD              0           ; Reserved
  241 000002B8 00000000        DCD              0           ; Reserved
  242 000002BC 00000000        DCD              0           ; Reserved
  243 000002C0 00000000        DCD              0           ; Reserved
  244 000002C4 00000000        DCD              0           ; Reserved
  245 000002C8 00000000        DCD              0           ; Reserved
  246 000002CC 00000000        DCD              0           ; Reserved
  247 000002D0 00000000        DCD              0           ; Reserved
  248 000002D4 00000000        DCD              0           ; Reserved
  249 000002D8 00000000        DCD              0           ; Reserved
  250 000002DC 00000000        DCD              0           ; Reserved
  251 000002E0 00000000        DCD              0           ; Reserved
  252 000002E4 00000000        DCD              0           ; Reserved
  253 000002E8 00000000        DCD              0           ; Reserved
  254 000002EC 00000000        DCD              0           ; Reserved
  255 000002F0 00000000        DCD              0           ; Reserved
  256 000002F4 00000000        DCD              0           ; Reserved
  257 000002F8 00000000        DCD              0           ; Reserved
  258 000002FC 00000000        DCD              0           ; Reserved
  259 00000300 00000000        DCD              0           ; Reserved
  260 00000304 00000000        DCD              0           ; Reserved
  261 00000308 00000000        DCD              0           ; Reserved
  262 0000030C 00000000        DCD              0           ; Reserved
  263 00000310 00000000        DCD              0           ; Reserved
  264 00000314 00000000        DCD              0           ; Reserved
  265 00000318 00000000        DCD              0           ; Reserved
  266 0000031C 00000000        DCD              0           ; Reserved



ARM Macro Assembler    Page 6 


  267 00000320 00000000        DCD              0           ; Reserved
  268 00000324 00000000        DCD              0           ; Reserved
  269 00000328 00000000        DCD              0           ; Reserved
  270 0000032C 00000000        DCD              0           ; Reserved
  271 00000330 00000000        DCD              0           ; Reserved
  272 00000334 00000000        DCD              0           ; Reserved
  273 00000338 00000000        DCD              0           ; Reserved
  274 0000033C 00000000        DCD              0           ; Reserved
  275 00000340 00000000        DCD              0           ; Reserved
  276 00000344 00000000        DCD              0           ; Reserved
  277 00000348 00000000        DCD              0           ; Reserved
  278 0000034C 00000000        DCD              0           ; Reserved
  279 00000350 00000000        DCD              0           ; Reserved
  280 00000354 00000000        DCD              0           ; Reserved
  281 00000358 00000000        DCD              0           ; Reserved
  282 0000035C 00000000        DCD              0           ; Reserved
  283 00000360 00000000        DCD              0           ; Reserved
  284 00000364 00000000        DCD              0           ; Reserved
  285 00000368 00000000        DCD              0           ; Reserved
  286 0000036C 00000000        DCD              0           ; Reserved
  287 00000370 00000000        DCD              0           ; Reserved
  288 00000374 00000000        DCD              0           ; Reserved
  289 00000378 00000000        DCD              0           ; Reserved
  290 0000037C 00000000        DCD              0           ; Reserved
  291 00000380 00000000        DCD              0           ; Reserved
  292 00000384 00000000        DCD              0           ; Reserved
  293 00000388 00000000        DCD              0           ; Reserved
  294 0000038C 00000000        DCD              0           ; Reserved
  295 00000390 00000000        DCD              0           ; Reserved
  296 00000394 00000000        DCD              0           ; Reserved
  297 00000398 00000000        DCD              0           ; Reserved
  298 0000039C 00000000        DCD              0           ; Reserved
  299 000003A0 00000000        DCD              0           ; Reserved
  300 000003A4 00000000        DCD              0           ; Reserved
  301 000003A8 00000000        DCD              0           ; Reserved
  302 000003AC 00000000        DCD              0           ; Reserved
  303 000003B0 00000000        DCD              0           ; Reserved
  304 000003B4 00000000        DCD              0           ; Reserved
  305 000003B8 00000000        DCD              0           ; Reserved
  306 000003BC 00000000        DCD              0           ; Reserved
  307 000003C0 00000000        DCD              0           ; Reserved
  308 000003C4 00000000        DCD              0           ; Reserved
  309 000003C8 00000000        DCD              0           ; Reserved
  310 000003CC 00000000        DCD              0           ; Reserved
  311 000003D0 00000000        DCD              0           ; Reserved
  312 000003D4 00000000        DCD              0           ; Reserved
  313 000003D8 00000000        DCD              0           ; Reserved
  314 000003DC 00000000        DCD              0           ; Reserved
  315 000003E0 00000000        DCD              0           ; Reserved
  316 000003E4 00000000        DCD              0           ; Reserved
  317 000003E8 00000000        DCD              0           ; Reserved
  318 000003EC 00000000        DCD              0           ; Reserved
  319 000003F0 00000000        DCD              0           ; Reserved
  320 000003F4 00000000        DCD              0           ; Reserved
  321 000003F8 00000000        DCD              0           ; Reserved
  322 000003FC 00000000        DCD              0           ; Reserved
  323 00000400         
  324 00000400         __Vectors_End
  325 00000400         



ARM Macro Assembler    Page 7 


  326 00000400 00000400 
                       __Vectors_Size
                               EQU              __Vectors_End - __Vectors
  327 00000400         
  328 00000400                 AREA             |.text|, CODE, READONLY
  329 00000000         
  330 00000000         ; Reset Handler
  331 00000000         
  332 00000000         
  333 00000000         Reset_Handler
                               PROC
  334 00000000                 EXPORT           Reset_Handler             [WEAK
]
  335 00000000                 IMPORT           SystemInit
  336 00000000                 IMPORT           __main
  337 00000000         
  338 00000000 4806            LDR              R0, =SystemInit
  339 00000002 4780            BLX              R0
  340 00000004 4806            LDR              R0, =__main
  341 00000006 4700            BX               R0
  342 00000008                 ENDP
  343 00000008         
  344 00000008         ; Dummy Exception Handlers (infinite loops which can be 
                       modified)
  345 00000008         
  346 00000008         NMI_Handler
                               PROC
  347 00000008                 EXPORT           NMI_Handler               [WEAK
]
  348 00000008 E7FE            B                .
  349 0000000A                 ENDP
  351 0000000A         HardFault_Handler
                               PROC
  352 0000000A                 EXPORT           HardFault_Handler         [WEAK
]
  353 0000000A E7FE            B                .
  354 0000000C                 ENDP
  356 0000000C         MemoryManagement_Handler
                               PROC
  357 0000000C                 EXPORT           MemoryManagement_Handler  [WEAK
]
  358 0000000C E7FE            B                .
  359 0000000E                 ENDP
  361 0000000E         BusFault_Handler
                               PROC
  362 0000000E                 EXPORT           BusFault_Handler          [WEAK
]
  363 0000000E E7FE            B                .
  364 00000010                 ENDP
  366 00000010         UsageFault_Handler
                               PROC
  367 00000010                 EXPORT           UsageFault_Handler        [WEAK
]
  368 00000010 E7FE            B                .
  369 00000012                 ENDP
  370 00000012         SVC_Handler
                               PROC
  371 00000012                 EXPORT           SVC_Handler               [WEAK
]



ARM Macro Assembler    Page 8 


  372 00000012 E7FE            B                .
  373 00000014                 ENDP
  374 00000014         PendSV_Handler
                               PROC
  375 00000014                 EXPORT           PendSV_Handler            [WEAK
]
  376 00000014 E7FE            B                .
  377 00000016                 ENDP
  378 00000016         SysTick_Handler
                               PROC
  379 00000016                 EXPORT           SysTick_Handler           [WEAK
]
  380 00000016 E7FE            B                .
  381 00000018                 ENDP
  382 00000018         
  383 00000018         Default_Handler
                               PROC
  384 00000018         
  385 00000018                 EXPORT           POWER_CLOCK_IRQHandler [WEAK]
  386 00000018                 EXPORT           RADIO_IRQHandler [WEAK]
  387 00000018                 EXPORT           UARTE0_UART0_IRQHandler [WEAK]
  388 00000018                 EXPORT           SPIM0_SPIS0_TWIM0_TWIS0_SPI0_TW
I0_IRQHandler [WEAK]
  389 00000018                 EXPORT           SPIM1_SPIS1_TWIM1_TWIS1_SPI1_TW
I1_IRQHandler [WEAK]
  390 00000018                 EXPORT           NFCT_IRQHandler [WEAK]
  391 00000018                 EXPORT           GPIOTE_IRQHandler [WEAK]
  392 00000018                 EXPORT           SAADC_IRQHandler [WEAK]
  393 00000018                 EXPORT           TIMER0_IRQHandler [WEAK]
  394 00000018                 EXPORT           TIMER1_IRQHandler [WEAK]
  395 00000018                 EXPORT           TIMER2_IRQHandler [WEAK]
  396 00000018                 EXPORT           RTC0_IRQHandler [WEAK]
  397 00000018                 EXPORT           TEMP_IRQHandler [WEAK]
  398 00000018                 EXPORT           RNG_IRQHandler [WEAK]
  399 00000018                 EXPORT           ECB_IRQHandler [WEAK]
  400 00000018                 EXPORT           CCM_AAR_IRQHandler [WEAK]
  401 00000018                 EXPORT           WDT_IRQHandler [WEAK]
  402 00000018                 EXPORT           RTC1_IRQHandler [WEAK]
  403 00000018                 EXPORT           QDEC_IRQHandler [WEAK]
  404 00000018                 EXPORT           COMP_LPCOMP_IRQHandler [WEAK]
  405 00000018                 EXPORT           SWI0_EGU0_IRQHandler [WEAK]
  406 00000018                 EXPORT           SWI1_EGU1_IRQHandler [WEAK]
  407 00000018                 EXPORT           SWI2_EGU2_IRQHandler [WEAK]
  408 00000018                 EXPORT           SWI3_EGU3_IRQHandler [WEAK]
  409 00000018                 EXPORT           SWI4_EGU4_IRQHandler [WEAK]
  410 00000018                 EXPORT           SWI5_EGU5_IRQHandler [WEAK]
  411 00000018                 EXPORT           TIMER3_IRQHandler [WEAK]
  412 00000018                 EXPORT           TIMER4_IRQHandler [WEAK]
  413 00000018                 EXPORT           PWM0_IRQHandler [WEAK]
  414 00000018                 EXPORT           PDM_IRQHandler [WEAK]
  415 00000018                 EXPORT           MWU_IRQHandler [WEAK]
  416 00000018                 EXPORT           PWM1_IRQHandler [WEAK]
  417 00000018                 EXPORT           PWM2_IRQHandler [WEAK]
  418 00000018                 EXPORT           SPIM2_SPIS2_SPI2_IRQHandler [WE
AK]
  419 00000018                 EXPORT           RTC2_IRQHandler [WEAK]
  420 00000018                 EXPORT           I2S_IRQHandler [WEAK]
  421 00000018         POWER_CLOCK_IRQHandler
  422 00000018         RADIO_IRQHandler



ARM Macro Assembler    Page 9 


  423 00000018         UARTE0_UART0_IRQHandler
  424 00000018         SPIM0_SPIS0_TWIM0_TWIS0_SPI0_TWI0_IRQHandler
  425 00000018         SPIM1_SPIS1_TWIM1_TWIS1_SPI1_TWI1_IRQHandler
  426 00000018         NFCT_IRQHandler
  427 00000018         GPIOTE_IRQHandler
  428 00000018         SAADC_IRQHandler
  429 00000018         TIMER0_IRQHandler
  430 00000018         TIMER1_IRQHandler
  431 00000018         TIMER2_IRQHandler
  432 00000018         RTC0_IRQHandler
  433 00000018         TEMP_IRQHandler
  434 00000018         RNG_IRQHandler
  435 00000018         ECB_IRQHandler
  436 00000018         CCM_AAR_IRQHandler
  437 00000018         WDT_IRQHandler
  438 00000018         RTC1_IRQHandler
  439 00000018         QDEC_IRQHandler
  440 00000018         COMP_LPCOMP_IRQHandler
  441 00000018         SWI0_EGU0_IRQHandler
  442 00000018         SWI1_EGU1_IRQHandler
  443 00000018         SWI2_EGU2_IRQHandler
  444 00000018         SWI3_EGU3_IRQHandler
  445 00000018         SWI4_EGU4_IRQHandler
  446 00000018         SWI5_EGU5_IRQHandler
  447 00000018         TIMER3_IRQHandler
  448 00000018         TIMER4_IRQHandler
  449 00000018         PWM0_IRQHandler
  450 00000018         PDM_IRQHandler
  451 00000018         MWU_IRQHandler
  452 00000018         PWM1_IRQHandler
  453 00000018         PWM2_IRQHandler
  454 00000018         SPIM2_SPIS2_SPI2_IRQHandler
  455 00000018         RTC2_IRQHandler
  456 00000018         I2S_IRQHandler
  457 00000018 E7FE            B                .
  458 0000001A                 ENDP
  459 0000001A 00 00           ALIGN
  460 0000001C         
  461 0000001C         ; User Initial Stack & Heap
  462 0000001C         
  463 0000001C                 IF               :DEF:__MICROLIB
  464 0000001C         
  465 0000001C                 EXPORT           __initial_sp
  466 0000001C                 EXPORT           __heap_base
  467 0000001C                 EXPORT           __heap_limit
  468 0000001C         
  469 0000001C                 ELSE
  483                          ENDIF
  484 0000001C         
  485 0000001C                 END
              00000000 
              00000000 
Command Line: --debug --xref --diag_suppress=9931 --cpu=Cortex-M4.fp --apcs=int
erwork --depend=.\_build\arm_startup_nrf52.d -o.\_build\arm_startup_nrf52.o -I"
C:\Nordic Semiconductor\nRF5_SDK_11.0.0_89a8197\examples\ble_peripheral\ble_app
_hids_keyboard\pca10040\s132\arm5_no_packs\RTE" -IC:\Keil\ARM\PACK\ARM\CMSIS\4.
5.0\CMSIS\Include -IC:\Keil\ARM\PACK\NordicSemiconductor\nRF_DeviceFamilyPack\8
.5.0\Device\Include --predefine="__MICROLIB SETA 1" --predefine="__UVISION_VERS
ION SETA 520" --predefine="_RTE_ SETA 1" --predefine="NRF52 SETA 1" --predefine



ARM Macro Assembler    Page 10 


="BLE_STACK_SUPPORT_REQD SETA 1" --predefine="BOARD_PCA10040 SETA 1" --predefin
e="NRF52_PAN_12 SETA 1" --predefine="NRF52_PAN_15 SETA 1" --predefine="NRF52_PA
N_20 SETA 1" --predefine="NRF52_PAN_30 SETA 1" --predefine="NRF52_PAN_31 SETA 1
" --predefine="NRF52_PAN_36 SETA 1" --predefine="NRF52_PAN_51 SETA 1" --predefi
ne="NRF52_PAN_53 SETA 1" --predefine="NRF52_PAN_54 SETA 1" --predefine="NRF52_P
AN_55 SETA 1" --predefine="NRF52_PAN_58 SETA 1" --predefine="NRF52_PAN_62 SETA 
1" --predefine="NRF52_PAN_63 SETA 1" --predefine="NRF52_PAN_64 SETA 1" --predef
ine="CONFIG_GPIO_AS_PINRESET SETA 1" --predefine="S132 SETA 1" --predefine="BSP
_UART_SUPPORT SETA 1" --predefine="NRF52 SETA 1" --predefine="SOFTDEVICE_PRESEN
T SETA 1" --predefine="SWI_DISABLE0 SETA 1" --predefine="NRF_LOG_USES_UART SETA
 1" --list=.\_build\arm_startup_nrf52.lst RTE\Device\nRF52832_xxAA\arm_startup_
nrf52.s



ARM Macro Assembler    Page 1 Alphabetic symbol ordering
Relocatable symbols

STACK 00000000

Symbol: STACK
   Definitions
      At line 40 in file RTE\Device\nRF52832_xxAA\arm_startup_nrf52.s
   Uses
      None
Comment: STACK unused
Stack_Mem 00000000

Symbol: Stack_Mem
   Definitions
      At line 41 in file RTE\Device\nRF52832_xxAA\arm_startup_nrf52.s
   Uses
      None
Comment: Stack_Mem unused
__initial_sp 00002000

Symbol: __initial_sp
   Definitions
      At line 42 in file RTE\Device\nRF52832_xxAA\arm_startup_nrf52.s
   Uses
      At line 65 in file RTE\Device\nRF52832_xxAA\arm_startup_nrf52.s
      At line 465 in file RTE\Device\nRF52832_xxAA\arm_startup_nrf52.s

3 symbols



ARM Macro Assembler    Page 1 Alphabetic symbol ordering
Relocatable symbols

HEAP 00000000

Symbol: HEAP
   Definitions
      At line 50 in file RTE\Device\nRF52832_xxAA\arm_startup_nrf52.s
   Uses
      None
Comment: HEAP unused
Heap_Mem 00000000

Symbol: Heap_Mem
   Definitions
      At line 52 in file RTE\Device\nRF52832_xxAA\arm_startup_nrf52.s
   Uses
      None
Comment: Heap_Mem unused
__heap_base 00000000

Symbol: __heap_base
   Definitions
      At line 51 in file RTE\Device\nRF52832_xxAA\arm_startup_nrf52.s
   Uses
      At line 466 in file RTE\Device\nRF52832_xxAA\arm_startup_nrf52.s
Comment: __heap_base used once
__heap_limit 00002000

Symbol: __heap_limit
   Definitions
      At line 53 in file RTE\Device\nRF52832_xxAA\arm_startup_nrf52.s
   Uses
      At line 467 in file RTE\Device\nRF52832_xxAA\arm_startup_nrf52.s
Comment: __heap_limit used once
4 symbols



ARM Macro Assembler    Page 1 Alphabetic symbol ordering
Relocatable symbols

RESET 00000000

Symbol: RESET
   Definitions
      At line 60 in file RTE\Device\nRF52832_xxAA\arm_startup_nrf52.s
   Uses
      None
Comment: RESET unused
__Vectors 00000000

Symbol: __Vectors
   Definitions
      At line 65 in file RTE\Device\nRF52832_xxAA\arm_startup_nrf52.s
   Uses
      At line 61 in file RTE\Device\nRF52832_xxAA\arm_startup_nrf52.s
      At line 326 in file RTE\Device\nRF52832_xxAA\arm_startup_nrf52.s

__Vectors_End 00000400

Symbol: __Vectors_End
   Definitions
      At line 324 in file RTE\Device\nRF52832_xxAA\arm_startup_nrf52.s
   Uses
      At line 62 in file RTE\Device\nRF52832_xxAA\arm_startup_nrf52.s
      At line 326 in file RTE\Device\nRF52832_xxAA\arm_startup_nrf52.s

3 symbols



ARM Macro Assembler    Page 1 Alphabetic symbol ordering
Relocatable symbols

.text 00000000

Symbol: .text
   Definitions
      At line 328 in file RTE\Device\nRF52832_xxAA\arm_startup_nrf52.s
   Uses
      None
Comment: .text unused
BusFault_Handler 0000000E

Symbol: BusFault_Handler
   Definitions
      At line 361 in file RTE\Device\nRF52832_xxAA\arm_startup_nrf52.s
   Uses
      At line 70 in file RTE\Device\nRF52832_xxAA\arm_startup_nrf52.s
      At line 362 in file RTE\Device\nRF52832_xxAA\arm_startup_nrf52.s

CCM_AAR_IRQHandler 00000018

Symbol: CCM_AAR_IRQHandler
   Definitions
      At line 436 in file RTE\Device\nRF52832_xxAA\arm_startup_nrf52.s
   Uses
      At line 98 in file RTE\Device\nRF52832_xxAA\arm_startup_nrf52.s
      At line 400 in file RTE\Device\nRF52832_xxAA\arm_startup_nrf52.s

COMP_LPCOMP_IRQHandler 00000018

Symbol: COMP_LPCOMP_IRQHandler
   Definitions
      At line 440 in file RTE\Device\nRF52832_xxAA\arm_startup_nrf52.s
   Uses
      At line 102 in file RTE\Device\nRF52832_xxAA\arm_startup_nrf52.s
      At line 404 in file RTE\Device\nRF52832_xxAA\arm_startup_nrf52.s

Default_Handler 00000018

Symbol: Default_Handler
   Definitions
      At line 383 in file RTE\Device\nRF52832_xxAA\arm_startup_nrf52.s
   Uses
      None
Comment: Default_Handler unused
ECB_IRQHandler 00000018

Symbol: ECB_IRQHandler
   Definitions
      At line 435 in file RTE\Device\nRF52832_xxAA\arm_startup_nrf52.s
   Uses
      At line 97 in file RTE\Device\nRF52832_xxAA\arm_startup_nrf52.s
      At line 399 in file RTE\Device\nRF52832_xxAA\arm_startup_nrf52.s

GPIOTE_IRQHandler 00000018

Symbol: GPIOTE_IRQHandler
   Definitions
      At line 427 in file RTE\Device\nRF52832_xxAA\arm_startup_nrf52.s
   Uses
      At line 89 in file RTE\Device\nRF52832_xxAA\arm_startup_nrf52.s



ARM Macro Assembler    Page 2 Alphabetic symbol ordering
Relocatable symbols

      At line 391 in file RTE\Device\nRF52832_xxAA\arm_startup_nrf52.s

HardFault_Handler 0000000A

Symbol: HardFault_Handler
   Definitions
      At line 351 in file RTE\Device\nRF52832_xxAA\arm_startup_nrf52.s
   Uses
      At line 68 in file RTE\Device\nRF52832_xxAA\arm_startup_nrf52.s
      At line 352 in file RTE\Device\nRF52832_xxAA\arm_startup_nrf52.s

I2S_IRQHandler 00000018

Symbol: I2S_IRQHandler
   Definitions
      At line 456 in file RTE\Device\nRF52832_xxAA\arm_startup_nrf52.s
   Uses
      At line 120 in file RTE\Device\nRF52832_xxAA\arm_startup_nrf52.s
      At line 420 in file RTE\Device\nRF52832_xxAA\arm_startup_nrf52.s

MWU_IRQHandler 00000018

Symbol: MWU_IRQHandler
   Definitions
      At line 451 in file RTE\Device\nRF52832_xxAA\arm_startup_nrf52.s
   Uses
      At line 115 in file RTE\Device\nRF52832_xxAA\arm_startup_nrf52.s
      At line 415 in file RTE\Device\nRF52832_xxAA\arm_startup_nrf52.s

MemoryManagement_Handler 0000000C

Symbol: MemoryManagement_Handler
   Definitions
      At line 356 in file RTE\Device\nRF52832_xxAA\arm_startup_nrf52.s
   Uses
      At line 69 in file RTE\Device\nRF52832_xxAA\arm_startup_nrf52.s
      At line 357 in file RTE\Device\nRF52832_xxAA\arm_startup_nrf52.s

NFCT_IRQHandler 00000018

Symbol: NFCT_IRQHandler
   Definitions
      At line 426 in file RTE\Device\nRF52832_xxAA\arm_startup_nrf52.s
   Uses
      At line 88 in file RTE\Device\nRF52832_xxAA\arm_startup_nrf52.s
      At line 390 in file RTE\Device\nRF52832_xxAA\arm_startup_nrf52.s

NMI_Handler 00000008

Symbol: NMI_Handler
   Definitions
      At line 346 in file RTE\Device\nRF52832_xxAA\arm_startup_nrf52.s
   Uses
      At line 67 in file RTE\Device\nRF52832_xxAA\arm_startup_nrf52.s
      At line 347 in file RTE\Device\nRF52832_xxAA\arm_startup_nrf52.s

PDM_IRQHandler 00000018

Symbol: PDM_IRQHandler



ARM Macro Assembler    Page 3 Alphabetic symbol ordering
Relocatable symbols

   Definitions
      At line 450 in file RTE\Device\nRF52832_xxAA\arm_startup_nrf52.s
   Uses
      At line 112 in file RTE\Device\nRF52832_xxAA\arm_startup_nrf52.s
      At line 414 in file RTE\Device\nRF52832_xxAA\arm_startup_nrf52.s

POWER_CLOCK_IRQHandler 00000018

Symbol: POWER_CLOCK_IRQHandler
   Definitions
      At line 421 in file RTE\Device\nRF52832_xxAA\arm_startup_nrf52.s
   Uses
      At line 83 in file RTE\Device\nRF52832_xxAA\arm_startup_nrf52.s
      At line 385 in file RTE\Device\nRF52832_xxAA\arm_startup_nrf52.s

PWM0_IRQHandler 00000018

Symbol: PWM0_IRQHandler
   Definitions
      At line 449 in file RTE\Device\nRF52832_xxAA\arm_startup_nrf52.s
   Uses
      At line 111 in file RTE\Device\nRF52832_xxAA\arm_startup_nrf52.s
      At line 413 in file RTE\Device\nRF52832_xxAA\arm_startup_nrf52.s

PWM1_IRQHandler 00000018

Symbol: PWM1_IRQHandler
   Definitions
      At line 452 in file RTE\Device\nRF52832_xxAA\arm_startup_nrf52.s
   Uses
      At line 116 in file RTE\Device\nRF52832_xxAA\arm_startup_nrf52.s
      At line 416 in file RTE\Device\nRF52832_xxAA\arm_startup_nrf52.s

PWM2_IRQHandler 00000018

Symbol: PWM2_IRQHandler
   Definitions
      At line 453 in file RTE\Device\nRF52832_xxAA\arm_startup_nrf52.s
   Uses
      At line 117 in file RTE\Device\nRF52832_xxAA\arm_startup_nrf52.s
      At line 417 in file RTE\Device\nRF52832_xxAA\arm_startup_nrf52.s

PendSV_Handler 00000014

Symbol: PendSV_Handler
   Definitions
      At line 374 in file RTE\Device\nRF52832_xxAA\arm_startup_nrf52.s
   Uses
      At line 79 in file RTE\Device\nRF52832_xxAA\arm_startup_nrf52.s
      At line 375 in file RTE\Device\nRF52832_xxAA\arm_startup_nrf52.s

QDEC_IRQHandler 00000018

Symbol: QDEC_IRQHandler
   Definitions
      At line 439 in file RTE\Device\nRF52832_xxAA\arm_startup_nrf52.s
   Uses
      At line 101 in file RTE\Device\nRF52832_xxAA\arm_startup_nrf52.s
      At line 403 in file RTE\Device\nRF52832_xxAA\arm_startup_nrf52.s



ARM Macro Assembler    Page 4 Alphabetic symbol ordering
Relocatable symbols


RADIO_IRQHandler 00000018

Symbol: RADIO_IRQHandler
   Definitions
      At line 422 in file RTE\Device\nRF52832_xxAA\arm_startup_nrf52.s
   Uses
      At line 84 in file RTE\Device\nRF52832_xxAA\arm_startup_nrf52.s
      At line 386 in file RTE\Device\nRF52832_xxAA\arm_startup_nrf52.s

RNG_IRQHandler 00000018

Symbol: RNG_IRQHandler
   Definitions
      At line 434 in file RTE\Device\nRF52832_xxAA\arm_startup_nrf52.s
   Uses
      At line 96 in file RTE\Device\nRF52832_xxAA\arm_startup_nrf52.s
      At line 398 in file RTE\Device\nRF52832_xxAA\arm_startup_nrf52.s

RTC0_IRQHandler 00000018

Symbol: RTC0_IRQHandler
   Definitions
      At line 432 in file RTE\Device\nRF52832_xxAA\arm_startup_nrf52.s
   Uses
      At line 94 in file RTE\Device\nRF52832_xxAA\arm_startup_nrf52.s
      At line 396 in file RTE\Device\nRF52832_xxAA\arm_startup_nrf52.s

RTC1_IRQHandler 00000018

Symbol: RTC1_IRQHandler
   Definitions
      At line 438 in file RTE\Device\nRF52832_xxAA\arm_startup_nrf52.s
   Uses
      At line 100 in file RTE\Device\nRF52832_xxAA\arm_startup_nrf52.s
      At line 402 in file RTE\Device\nRF52832_xxAA\arm_startup_nrf52.s

RTC2_IRQHandler 00000018

Symbol: RTC2_IRQHandler
   Definitions
      At line 455 in file RTE\Device\nRF52832_xxAA\arm_startup_nrf52.s
   Uses
      At line 119 in file RTE\Device\nRF52832_xxAA\arm_startup_nrf52.s
      At line 419 in file RTE\Device\nRF52832_xxAA\arm_startup_nrf52.s

Reset_Handler 00000000

Symbol: Reset_Handler
   Definitions
      At line 333 in file RTE\Device\nRF52832_xxAA\arm_startup_nrf52.s
   Uses
      At line 66 in file RTE\Device\nRF52832_xxAA\arm_startup_nrf52.s
      At line 334 in file RTE\Device\nRF52832_xxAA\arm_startup_nrf52.s

SAADC_IRQHandler 00000018

Symbol: SAADC_IRQHandler
   Definitions



ARM Macro Assembler    Page 5 Alphabetic symbol ordering
Relocatable symbols

      At line 428 in file RTE\Device\nRF52832_xxAA\arm_startup_nrf52.s
   Uses
      At line 90 in file RTE\Device\nRF52832_xxAA\arm_startup_nrf52.s
      At line 392 in file RTE\Device\nRF52832_xxAA\arm_startup_nrf52.s

SPIM0_SPIS0_TWIM0_TWIS0_SPI0_TWI0_IRQHandler 00000018

Symbol: SPIM0_SPIS0_TWIM0_TWIS0_SPI0_TWI0_IRQHandler
   Definitions
      At line 424 in file RTE\Device\nRF52832_xxAA\arm_startup_nrf52.s
   Uses
      At line 86 in file RTE\Device\nRF52832_xxAA\arm_startup_nrf52.s
      At line 388 in file RTE\Device\nRF52832_xxAA\arm_startup_nrf52.s

SPIM1_SPIS1_TWIM1_TWIS1_SPI1_TWI1_IRQHandler 00000018

Symbol: SPIM1_SPIS1_TWIM1_TWIS1_SPI1_TWI1_IRQHandler
   Definitions
      At line 425 in file RTE\Device\nRF52832_xxAA\arm_startup_nrf52.s
   Uses
      At line 87 in file RTE\Device\nRF52832_xxAA\arm_startup_nrf52.s
      At line 389 in file RTE\Device\nRF52832_xxAA\arm_startup_nrf52.s

SPIM2_SPIS2_SPI2_IRQHandler 00000018

Symbol: SPIM2_SPIS2_SPI2_IRQHandler
   Definitions
      At line 454 in file RTE\Device\nRF52832_xxAA\arm_startup_nrf52.s
   Uses
      At line 118 in file RTE\Device\nRF52832_xxAA\arm_startup_nrf52.s
      At line 418 in file RTE\Device\nRF52832_xxAA\arm_startup_nrf52.s

SVC_Handler 00000012

Symbol: SVC_Handler
   Definitions
      At line 370 in file RTE\Device\nRF52832_xxAA\arm_startup_nrf52.s
   Uses
      At line 76 in file RTE\Device\nRF52832_xxAA\arm_startup_nrf52.s
      At line 371 in file RTE\Device\nRF52832_xxAA\arm_startup_nrf52.s

SWI0_EGU0_IRQHandler 00000018

Symbol: SWI0_EGU0_IRQHandler
   Definitions
      At line 441 in file RTE\Device\nRF52832_xxAA\arm_startup_nrf52.s
   Uses
      At line 103 in file RTE\Device\nRF52832_xxAA\arm_startup_nrf52.s
      At line 405 in file RTE\Device\nRF52832_xxAA\arm_startup_nrf52.s

SWI1_EGU1_IRQHandler 00000018

Symbol: SWI1_EGU1_IRQHandler
   Definitions
      At line 442 in file RTE\Device\nRF52832_xxAA\arm_startup_nrf52.s
   Uses
      At line 104 in file RTE\Device\nRF52832_xxAA\arm_startup_nrf52.s
      At line 406 in file RTE\Device\nRF52832_xxAA\arm_startup_nrf52.s




ARM Macro Assembler    Page 6 Alphabetic symbol ordering
Relocatable symbols

SWI2_EGU2_IRQHandler 00000018

Symbol: SWI2_EGU2_IRQHandler
   Definitions
      At line 443 in file RTE\Device\nRF52832_xxAA\arm_startup_nrf52.s
   Uses
      At line 105 in file RTE\Device\nRF52832_xxAA\arm_startup_nrf52.s
      At line 407 in file RTE\Device\nRF52832_xxAA\arm_startup_nrf52.s

SWI3_EGU3_IRQHandler 00000018

Symbol: SWI3_EGU3_IRQHandler
   Definitions
      At line 444 in file RTE\Device\nRF52832_xxAA\arm_startup_nrf52.s
   Uses
      At line 106 in file RTE\Device\nRF52832_xxAA\arm_startup_nrf52.s
      At line 408 in file RTE\Device\nRF52832_xxAA\arm_startup_nrf52.s

SWI4_EGU4_IRQHandler 00000018

Symbol: SWI4_EGU4_IRQHandler
   Definitions
      At line 445 in file RTE\Device\nRF52832_xxAA\arm_startup_nrf52.s
   Uses
      At line 107 in file RTE\Device\nRF52832_xxAA\arm_startup_nrf52.s
      At line 409 in file RTE\Device\nRF52832_xxAA\arm_startup_nrf52.s

SWI5_EGU5_IRQHandler 00000018

Symbol: SWI5_EGU5_IRQHandler
   Definitions
      At line 446 in file RTE\Device\nRF52832_xxAA\arm_startup_nrf52.s
   Uses
      At line 108 in file RTE\Device\nRF52832_xxAA\arm_startup_nrf52.s
      At line 410 in file RTE\Device\nRF52832_xxAA\arm_startup_nrf52.s

SysTick_Handler 00000016

Symbol: SysTick_Handler
   Definitions
      At line 378 in file RTE\Device\nRF52832_xxAA\arm_startup_nrf52.s
   Uses
      At line 80 in file RTE\Device\nRF52832_xxAA\arm_startup_nrf52.s
      At line 379 in file RTE\Device\nRF52832_xxAA\arm_startup_nrf52.s

TEMP_IRQHandler 00000018

Symbol: TEMP_IRQHandler
   Definitions
      At line 433 in file RTE\Device\nRF52832_xxAA\arm_startup_nrf52.s
   Uses
      At line 95 in file RTE\Device\nRF52832_xxAA\arm_startup_nrf52.s
      At line 397 in file RTE\Device\nRF52832_xxAA\arm_startup_nrf52.s

TIMER0_IRQHandler 00000018

Symbol: TIMER0_IRQHandler
   Definitions
      At line 429 in file RTE\Device\nRF52832_xxAA\arm_startup_nrf52.s



ARM Macro Assembler    Page 7 Alphabetic symbol ordering
Relocatable symbols

   Uses
      At line 91 in file RTE\Device\nRF52832_xxAA\arm_startup_nrf52.s
      At line 393 in file RTE\Device\nRF52832_xxAA\arm_startup_nrf52.s

TIMER1_IRQHandler 00000018

Symbol: TIMER1_IRQHandler
   Definitions
      At line 430 in file RTE\Device\nRF52832_xxAA\arm_startup_nrf52.s
   Uses
      At line 92 in file RTE\Device\nRF52832_xxAA\arm_startup_nrf52.s
      At line 394 in file RTE\Device\nRF52832_xxAA\arm_startup_nrf52.s

TIMER2_IRQHandler 00000018

Symbol: TIMER2_IRQHandler
   Definitions
      At line 431 in file RTE\Device\nRF52832_xxAA\arm_startup_nrf52.s
   Uses
      At line 93 in file RTE\Device\nRF52832_xxAA\arm_startup_nrf52.s
      At line 395 in file RTE\Device\nRF52832_xxAA\arm_startup_nrf52.s

TIMER3_IRQHandler 00000018

Symbol: TIMER3_IRQHandler
   Definitions
      At line 447 in file RTE\Device\nRF52832_xxAA\arm_startup_nrf52.s
   Uses
      At line 109 in file RTE\Device\nRF52832_xxAA\arm_startup_nrf52.s
      At line 411 in file RTE\Device\nRF52832_xxAA\arm_startup_nrf52.s

TIMER4_IRQHandler 00000018

Symbol: TIMER4_IRQHandler
   Definitions
      At line 448 in file RTE\Device\nRF52832_xxAA\arm_startup_nrf52.s
   Uses
      At line 110 in file RTE\Device\nRF52832_xxAA\arm_startup_nrf52.s
      At line 412 in file RTE\Device\nRF52832_xxAA\arm_startup_nrf52.s

UARTE0_UART0_IRQHandler 00000018

Symbol: UARTE0_UART0_IRQHandler
   Definitions
      At line 423 in file RTE\Device\nRF52832_xxAA\arm_startup_nrf52.s
   Uses
      At line 85 in file RTE\Device\nRF52832_xxAA\arm_startup_nrf52.s
      At line 387 in file RTE\Device\nRF52832_xxAA\arm_startup_nrf52.s

UsageFault_Handler 00000010

Symbol: UsageFault_Handler
   Definitions
      At line 366 in file RTE\Device\nRF52832_xxAA\arm_startup_nrf52.s
   Uses
      At line 71 in file RTE\Device\nRF52832_xxAA\arm_startup_nrf52.s
      At line 367 in file RTE\Device\nRF52832_xxAA\arm_startup_nrf52.s

WDT_IRQHandler 00000018



ARM Macro Assembler    Page 8 Alphabetic symbol ordering
Relocatable symbols


Symbol: WDT_IRQHandler
   Definitions
      At line 437 in file RTE\Device\nRF52832_xxAA\arm_startup_nrf52.s
   Uses
      At line 99 in file RTE\Device\nRF52832_xxAA\arm_startup_nrf52.s
      At line 401 in file RTE\Device\nRF52832_xxAA\arm_startup_nrf52.s

47 symbols



ARM Macro Assembler    Page 1 Alphabetic symbol ordering
Absolute symbols

Heap_Size 00002000

Symbol: Heap_Size
   Definitions
      At line 47 in file RTE\Device\nRF52832_xxAA\arm_startup_nrf52.s
   Uses
      At line 52 in file RTE\Device\nRF52832_xxAA\arm_startup_nrf52.s
Comment: Heap_Size used once
Stack_Size 00002000

Symbol: Stack_Size
   Definitions
      At line 37 in file RTE\Device\nRF52832_xxAA\arm_startup_nrf52.s
   Uses
      At line 41 in file RTE\Device\nRF52832_xxAA\arm_startup_nrf52.s
Comment: Stack_Size used once
__Vectors_Size 00000400

Symbol: __Vectors_Size
   Definitions
      At line 326 in file RTE\Device\nRF52832_xxAA\arm_startup_nrf52.s
   Uses
      At line 63 in file RTE\Device\nRF52832_xxAA\arm_startup_nrf52.s
Comment: __Vectors_Size used once
3 symbols



ARM Macro Assembler    Page 1 Alphabetic symbol ordering
External symbols

SystemInit 00000000

Symbol: SystemInit
   Definitions
      At line 335 in file RTE\Device\nRF52832_xxAA\arm_startup_nrf52.s
   Uses
      At line 338 in file RTE\Device\nRF52832_xxAA\arm_startup_nrf52.s
Comment: SystemInit used once
__main 00000000

Symbol: __main
   Definitions
      At line 336 in file RTE\Device\nRF52832_xxAA\arm_startup_nrf52.s
   Uses
      At line 340 in file RTE\Device\nRF52832_xxAA\arm_startup_nrf52.s
Comment: __main used once
2 symbols
425 symbols in table
